e:\syracuse(spring2016)\ood\project3\project3\dependencyanalysis\x64\debug\vc140.pdb
e:\syracuse(spring2016)\ood\project3\project3\dependencyanalysis\x64\debug\vc140.idb
e:\syracuse(spring2016)\ood\project3\project3\dependencyanalysis\x64\debug\abstractsyntaxtree.obj
e:\syracuse(spring2016)\ood\project3\project3\dependencyanalysis\x64\debug\astnode.obj
e:\syracuse(spring2016)\ood\project3\project3\dependencyanalysis\x64\debug\actionsandrules.obj
e:\syracuse(spring2016)\ood\project3\project3\dependencyanalysis\x64\debug\configureparser.obj
e:\syracuse(spring2016)\ood\project3\project3\dependencyanalysis\x64\debug\parser.obj
e:\syracuse(spring2016)\ood\project3\project3\dependencyanalysis\x64\debug\semiexp.obj
e:\syracuse(spring2016)\ood\project3\project3\dependencyanalysis\x64\debug\tokenizer.obj
e:\syracuse(spring2016)\ood\project3\project3\dependencyanalysis\x64\debug\utilities.obj
e:\syracuse(spring2016)\ood\project3\project3\dependencyanalysis\x64\debug\dependencyanalysis.obj
e:\syracuse(spring2016)\ood\project3\project3\x64\debug\dependencyanalysis.ilk
e:\syracuse(spring2016)\ood\project3\project3\x64\debug\dependencyanalysis.exe
e:\syracuse(spring2016)\ood\project3\project3\x64\debug\dependencyanalysis.pdb
e:\syracuse(spring2016)\ood\project3\project3\dependencyanalysis\x64\debug\dependen.6929139c.tlog\cl.command.1.tlog
e:\syracuse(spring2016)\ood\project3\project3\dependencyanalysis\x64\debug\dependen.6929139c.tlog\cl.read.1.tlog
e:\syracuse(spring2016)\ood\project3\project3\dependencyanalysis\x64\debug\dependen.6929139c.tlog\cl.write.1.tlog
e:\syracuse(spring2016)\ood\project3\project3\dependencyanalysis\x64\debug\dependen.6929139c.tlog\link.command.1.tlog
e:\syracuse(spring2016)\ood\project3\project3\dependencyanalysis\x64\debug\dependen.6929139c.tlog\link.read.1.tlog
e:\syracuse(spring2016)\ood\project3\project3\dependencyanalysis\x64\debug\dependen.6929139c.tlog\link.write.1.tlog
