e:\syracuse(spring2016)\ood\project3\project3\metricanalyzer\x64\debug\vc140.pdb
e:\syracuse(spring2016)\ood\project3\project3\metricanalyzer\x64\debug\vc140.idb
e:\syracuse(spring2016)\ood\project3\project3\metricanalyzer\x64\debug\abstractsyntaxtree.obj
e:\syracuse(spring2016)\ood\project3\project3\metricanalyzer\x64\debug\astnode.obj
e:\syracuse(spring2016)\ood\project3\project3\metricanalyzer\x64\debug\filemgr.obj
e:\syracuse(spring2016)\ood\project3\project3\metricanalyzer\x64\debug\filesystem.obj
e:\syracuse(spring2016)\ood\project3\project3\metricanalyzer\x64\debug\actionsandrules.obj
e:\syracuse(spring2016)\ood\project3\project3\metricanalyzer\x64\debug\configureparser.obj
e:\syracuse(spring2016)\ood\project3\project3\metricanalyzer\x64\debug\parser.obj
e:\syracuse(spring2016)\ood\project3\project3\metricanalyzer\x64\debug\scopestack.obj
e:\syracuse(spring2016)\ood\project3\project3\metricanalyzer\x64\debug\semiexp.obj
e:\syracuse(spring2016)\ood\project3\project3\metricanalyzer\x64\debug\tokenizer.obj
e:\syracuse(spring2016)\ood\project3\project3\metricanalyzer\x64\debug\utilities.obj
e:\syracuse(spring2016)\ood\project3\project3\metricanalyzer\x64\debug\metricanalyzer.obj
e:\syracuse(spring2016)\ood\project3\project3\metricanalyzer\x64\debug\metricexecutive.obj
e:\syracuse(spring2016)\ood\project3\project3\x64\debug\metricanalyzer.ilk
e:\syracuse(spring2016)\ood\project3\project3\x64\debug\metricanalyzer.exe
e:\syracuse(spring2016)\ood\project3\project3\x64\debug\metricanalyzer.pdb
e:\syracuse(spring2016)\ood\project3\project3\metricanalyzer\x64\debug\metricanalyzer.tlog\cl.command.1.tlog
e:\syracuse(spring2016)\ood\project3\project3\metricanalyzer\x64\debug\metricanalyzer.tlog\cl.read.1.tlog
e:\syracuse(spring2016)\ood\project3\project3\metricanalyzer\x64\debug\metricanalyzer.tlog\cl.write.1.tlog
e:\syracuse(spring2016)\ood\project3\project3\metricanalyzer\x64\debug\metricanalyzer.tlog\link.command.1.tlog
e:\syracuse(spring2016)\ood\project3\project3\metricanalyzer\x64\debug\metricanalyzer.tlog\link.read.1.tlog
e:\syracuse(spring2016)\ood\project3\project3\metricanalyzer\x64\debug\metricanalyzer.tlog\link.write.1.tlog
