e:\syracuse(spring2016)\ood\project3\project3\typeanalysis\debug\vc140.pdb
e:\syracuse(spring2016)\ood\project3\project3\typeanalysis\debug\vc140.idb
e:\syracuse(spring2016)\ood\project3\project3\typeanalysis\debug\abstractsyntaxtree.obj
e:\syracuse(spring2016)\ood\project3\project3\typeanalysis\debug\astnode.obj
e:\syracuse(spring2016)\ood\project3\project3\typeanalysis\debug\actionsandrules.obj
e:\syracuse(spring2016)\ood\project3\project3\typeanalysis\debug\configureparser.obj
e:\syracuse(spring2016)\ood\project3\project3\typeanalysis\debug\parser.obj
e:\syracuse(spring2016)\ood\project3\project3\typeanalysis\debug\semiexp.obj
e:\syracuse(spring2016)\ood\project3\project3\typeanalysis\debug\tokenizer.obj
e:\syracuse(spring2016)\ood\project3\project3\typeanalysis\debug\utilities.obj
e:\syracuse(spring2016)\ood\project3\project3\typeanalysis\debug\typeanalysis.obj
e:\syracuse(spring2016)\ood\project3\project3\debug\typeanalysis.pdb
e:\syracuse(spring2016)\ood\project3\project3\typeanalysis\debug\typeanalysis.tlog\cl.command.1.tlog
e:\syracuse(spring2016)\ood\project3\project3\typeanalysis\debug\typeanalysis.tlog\cl.read.1.tlog
e:\syracuse(spring2016)\ood\project3\project3\typeanalysis\debug\typeanalysis.tlog\cl.write.1.tlog
e:\syracuse(spring2016)\ood\project3\project3\typeanalysis\debug\typeanalysis.tlog\link-cvtres.read.1.tlog
e:\syracuse(spring2016)\ood\project3\project3\typeanalysis\debug\typeanalysis.tlog\link-cvtres.write.1.tlog
e:\syracuse(spring2016)\ood\project3\project3\typeanalysis\debug\typeanalysis.tlog\link-rc.read.1.tlog
e:\syracuse(spring2016)\ood\project3\project3\typeanalysis\debug\typeanalysis.tlog\link-rc.write.1.tlog
e:\syracuse(spring2016)\ood\project3\project3\typeanalysis\debug\typeanalysis.tlog\link.command.1.tlog
e:\syracuse(spring2016)\ood\project3\project3\typeanalysis\debug\typeanalysis.tlog\link.read.1.tlog
e:\syracuse(spring2016)\ood\project3\project3\typeanalysis\debug\typeanalysis.tlog\link.write.1.tlog
