e:\syracuse(spring2016)\ood\project3\project3\typeanalysis\x64\debug\vc140.pdb
e:\syracuse(spring2016)\ood\project3\project3\typeanalysis\x64\debug\vc140.idb
e:\syracuse(spring2016)\ood\project3\project3\typeanalysis\x64\debug\abstractsyntaxtree.obj
e:\syracuse(spring2016)\ood\project3\project3\typeanalysis\x64\debug\astnode.obj
e:\syracuse(spring2016)\ood\project3\project3\typeanalysis\x64\debug\actionsandrules.obj
e:\syracuse(spring2016)\ood\project3\project3\typeanalysis\x64\debug\configureparser.obj
e:\syracuse(spring2016)\ood\project3\project3\typeanalysis\x64\debug\parser.obj
e:\syracuse(spring2016)\ood\project3\project3\typeanalysis\x64\debug\semiexp.obj
e:\syracuse(spring2016)\ood\project3\project3\typeanalysis\x64\debug\tokenizer.obj
e:\syracuse(spring2016)\ood\project3\project3\typeanalysis\x64\debug\utilities.obj
e:\syracuse(spring2016)\ood\project3\project3\typeanalysis\x64\debug\typeanalysis.obj
e:\syracuse(spring2016)\ood\project3\project3\x64\debug\typeanalysis.ilk
e:\syracuse(spring2016)\ood\project3\project3\x64\debug\typeanalysis.exe
e:\syracuse(spring2016)\ood\project3\project3\x64\debug\typeanalysis.pdb
e:\syracuse(spring2016)\ood\project3\project3\typeanalysis\x64\debug\typeanalysis.tlog\cl.command.1.tlog
e:\syracuse(spring2016)\ood\project3\project3\typeanalysis\x64\debug\typeanalysis.tlog\cl.read.1.tlog
e:\syracuse(spring2016)\ood\project3\project3\typeanalysis\x64\debug\typeanalysis.tlog\cl.write.1.tlog
e:\syracuse(spring2016)\ood\project3\project3\typeanalysis\x64\debug\typeanalysis.tlog\link.command.1.tlog
e:\syracuse(spring2016)\ood\project3\project3\typeanalysis\x64\debug\typeanalysis.tlog\link.read.1.tlog
e:\syracuse(spring2016)\ood\project3\project3\typeanalysis\x64\debug\typeanalysis.tlog\link.write.1.tlog
