e:\syracuse(spring2016)\ood\project3\project3\paralleldependencyexecutive\x64\debug\vc140.pdb
e:\syracuse(spring2016)\ood\project3\project3\paralleldependencyexecutive\x64\debug\vc140.idb
e:\syracuse(spring2016)\ood\project3\project3\paralleldependencyexecutive\x64\debug\paralleldependencyanalysis.obj
e:\syracuse(spring2016)\ood\project3\project3\paralleldependencyexecutive\x64\debug\paralleldependencyexecutive.obj
e:\syracuse(spring2016)\ood\project3\project3\paralleldependencyexecutive\x64\debug\filemgr.obj
e:\syracuse(spring2016)\ood\project3\project3\paralleldependencyexecutive\x64\debug\filesystem.obj
e:\syracuse(spring2016)\ood\project3\project3\paralleldependencyexecutive\x64\debug\actionsandrules.obj
e:\syracuse(spring2016)\ood\project3\project3\paralleldependencyexecutive\x64\debug\configureparser.obj
e:\syracuse(spring2016)\ood\project3\project3\paralleldependencyexecutive\x64\debug\parser.obj
e:\syracuse(spring2016)\ood\project3\project3\paralleldependencyexecutive\x64\debug\semiexp.obj
e:\syracuse(spring2016)\ood\project3\project3\paralleldependencyexecutive\x64\debug\tokenizer.obj
e:\syracuse(spring2016)\ood\project3\project3\paralleldependencyexecutive\x64\debug\queuedworkitems.obj
e:\syracuse(spring2016)\ood\project3\project3\paralleldependencyexecutive\x64\debug\blockingqueue.obj
e:\syracuse(spring2016)\ood\project3\project3\paralleldependencyexecutive\x64\debug\abstractsyntaxtree.obj
e:\syracuse(spring2016)\ood\project3\project3\paralleldependencyexecutive\x64\debug\astnode.obj
e:\syracuse(spring2016)\ood\project3\project3\paralleldependencyexecutive\x64\debug\utilities.obj
e:\syracuse(spring2016)\ood\project3\project3\paralleldependencyexecutive\x64\debug\dependencyanalysis.obj
e:\syracuse(spring2016)\ood\project3\project3\paralleldependencyexecutive\x64\debug\typeanalysis.obj
e:\syracuse(spring2016)\ood\project3\project3\x64\debug\paralleldependencyexecutive.ilk
e:\syracuse(spring2016)\ood\project3\project3\x64\debug\paralleldependencyexecutive.exe
e:\syracuse(spring2016)\ood\project3\project3\x64\debug\paralleldependencyexecutive.pdb
e:\syracuse(spring2016)\ood\project3\project3\paralleldependencyexecutive\x64\debug\parallel.fad93025.tlog\cl.command.1.tlog
e:\syracuse(spring2016)\ood\project3\project3\paralleldependencyexecutive\x64\debug\parallel.fad93025.tlog\cl.read.1.tlog
e:\syracuse(spring2016)\ood\project3\project3\paralleldependencyexecutive\x64\debug\parallel.fad93025.tlog\cl.write.1.tlog
e:\syracuse(spring2016)\ood\project3\project3\paralleldependencyexecutive\x64\debug\parallel.fad93025.tlog\link.command.1.tlog
e:\syracuse(spring2016)\ood\project3\project3\paralleldependencyexecutive\x64\debug\parallel.fad93025.tlog\link.read.1.tlog
e:\syracuse(spring2016)\ood\project3\project3\paralleldependencyexecutive\x64\debug\parallel.fad93025.tlog\link.write.1.tlog
